<?xml version="1.0" encoding="UTF-8" ?>
<testsuite failures="0" time="0.143" errors="0" skipped="0" tests="0" name="artifactory.test.AppTest">
  <properties>
    <property name="DISPLAY" value=":0"/>
    <property name="file.encoding.pkg" value="sun.io"/>
    <property name="rvm_version" value="1.25.19 (stable)"/>
    <property name="java.home" value="/usr/lib/jvm/java-7-oracle/jre"/>
    <property name="LOGNAME" value="shayb"/>
    <property name="XFILESEARCHPATH" value="/usr/dt/app-defaults/%L/Dt"/>
    <property name="rvm_bin_path" value="/home/shayb/.rvm/bin"/>
    <property name="NODE_NAME" value="master"/>
    <property name="PWD" value="/home/shayb/software/jenkins/jenkins-1.539"/>
    <property name="JENKINS_URL" value="http://localhost:9091/"/>
    <property name="sun.font.fontmanager" value="sun.awt.X11FontManager"/>
    <property name="GDMSESSION" value="ubuntu"/>
    <property name="java.endorsed.dirs" value="/usr/lib/jvm/java-7-oracle/jre/lib/endorsed"/>
    <property name="XDG_SESSION_COOKIE" value="45f802c141fa961513c07cda5288cb28-1406035633.516915-991662960"/>
    <property name="GEM_PATH" value="/home/shayb/.rvm/gems/ruby-2.1.1:/home/shayb/.rvm/gems/ruby-2.1.1@global"/>
    <property name="XDG_SEAT_PATH" value="/org/freedesktop/DisplayManager/Seat0"/>
    <property name="sun.os.patch.level" value="unknown"/>
    <property name="java.vendor.url" value="http://java.oracle.com/"/>
    <property name="GPG_AGENT_INFO" value="/run/user/shayb/keyring-ib3VqW/gpg:0:1"/>
    <property name="java.version" value="1.7.0_45"/>
    <property name="TEXTDOMAIN" value="im-config"/>
    <property name="JOB_NAME" value="Maven-Example"/>
    <property name="java.vendor.url.bug" value="http://bugreport.sun.com/bugreport/"/>
    <property name="GRIFFON_HOME" value="/home/shayb/.gvm/griffon/current"/>
    <property name="XDG_DATA_DIRS" value="/usr/share/ubuntu:/usr/share/gnome:/usr/local/share/:/usr/share/"/>
    <property name="LC_NAME" value="en_US.UTF-8"/>
    <property name="user.name" value="shayb"/>
    <property name="rvm_path" value="/home/shayb/.rvm"/>
    <property name="sun.io.unicode.encoding" value="UnicodeLittle"/>
    <property name="XDG_RUNTIME_DIR" value="/run/user/shayb"/>
    <property name="sun.jnu.encoding" value="UTF-8"/>
    <property name="java.runtime.name" value="Java(TM) SE Runtime Environment"/>
    <property name="GNOME_KEYRING_CONTROL" value="/run/user/shayb/keyring-ib3VqW"/>
    <property name="java.specification.name" value="Java Platform API Specification"/>
    <property name="user.timezone" value="Asia/Jerusalem"/>
    <property name="path.separator" value=":"/>
    <property name="WINDOWID" value="69206022"/>
    <property name="BUILD_TAG" value="jenkins-Maven-Example-154"/>
    <property name="TERM" value="xterm"/>
    <property name="_system_type" value="Linux"/>
    <property name="GLIDE_HOME" value="/home/shayb/.gvm/glide/current"/>
    <property name="GTK_MODULES" value="overlay-scrollbar"/>
    <property name="MANDATORY_PATH" value="/usr/share/gconf/ubuntu.mandatory.path"/>
    <property name="file.encoding" value="UTF-8"/>
    <property name="PATH" value="/home/shayb/.rvm/gems/ruby-2.1.1/bin:/home/shayb/.rvm/gems/ruby-2.1.1@global/bin:/home/shayb/.rvm/rubies/ruby-2.1.1/bin:/home/shayb/.gvm/vertx/current/bin:/home/shayb/.gvm/springboot/current/bin:/home/shayb/.gvm/lazybones/current/bin:/home/shayb/.gvm/groovyserv/current/bin:/home/shayb/.gvm/groovy/current/bin:/home/shayb/.gvm/griffon/current/bin:/home/shayb/.gvm/grails/current/bin:/home/shayb/.gvm/gradle/current/bin:/home/shayb/.gvm/glide/current/bin:/home/shayb/.gvm/gaiden/current/bin:/home/shayb/.gvm/crash/current/bin:/usr/lib/lightdm/lightdm:/usr/local/sbin:/usr/local/bin:/usr/sbin:/usr/bin:/sbin:/bin:/usr/games:/usr/local/games:/home/shayb/software/gradle/gradle-1.9/bin/:/home/shayb/software/Maven/apache-maven-3.0.5/bin/:/usr/lib/jvm/java-7-oracle/:/home/shayb/software/intellij/idea-IU-117.1056/bin:/home/shayb/.rvm/bin"/>
    <property name="DESKTOP_SESSION" value="ubuntu"/>
    <property name="rvm_prefix" value="/home/shayb"/>
    <property name="sun.java.command" value="org.jvnet.hudson.maven3.agent.Maven3Main /home/shayb/software/Maven/apache-maven-3.0.5/ /tmp/jetty-0.0.0.0-9091-jenkins.war--any-/webapp/WEB-INF/lib/remoting-2.32.jar /home/shayb/.jenkins/plugins/maven-plugin/WEB-INF/lib/maven3-interceptor-1.4.jar /home/shayb/.jenkins/plugins/maven-plugin/WEB-INF/lib/maven3-interceptor-commons-1.4.jar 40138"/>
    <property name="HUDSON_URL" value="http://localhost:9091/"/>
    <property name="XDG_CONFIG_DIRS" value="/etc/xdg/xdg-ubuntu:/etc/xdg"/>
    <property name="JENKINS_SERVER_COOKIE" value="1b67c5759829cac8"/>
    <property name="EXECUTOR_NUMBER" value="1"/>
    <property name="LC_TELEPHONE" value="en_US.UTF-8"/>
    <property name="GIT_COMMIT" value="8ce24d975f82a1b1312f2b5c0a15f65780f19e81"/>
    <property name="GROOVY_HOME" value="/home/shayb/.gvm/groovy/current"/>
    <property name="XDG_SESSION_PATH" value="/org/freedesktop/DisplayManager/Session0"/>
    <property name="java.io.tmpdir" value="/tmp"/>
    <property name="user.language" value="en"/>
    <property name="line.separator" value="
"/>
    <property name="COLORTERM" value="gnome-terminal"/>
    <property name="BUILD_URL" value="http://localhost:9091/job/Maven-Example/154/"/>
    <property name="GROOVYSERV_HOME" value="/home/shayb/.gvm/groovyserv/current"/>
    <property name="SSH_AGENT_PID" value="1528"/>
    <property name="GVM_SERVICE" value="http://api.gvmtool.net"/>
    <property name="SHLVL" value="1"/>
    <property name="M2_HOME" value="/home/shayb/software/Maven/apache-maven-3.0.5/"/>
    <property name="_system_version" value="13.04"/>
    <property name="USER" value="shayb"/>
    <property name="intellij_home" value="/home/shayb/software/intellij/idea-IU-117.1056"/>
    <property name="java.vm.info" value="mixed mode"/>
    <property name="sun.desktop" value="gnome"/>
    <property name="java.vm.specification.name" value="Java Virtual Machine Specification"/>
    <property name="BUILD_DISPLAY_NAME" value="#154"/>
    <property name="LC_TIME" value="en_US.UTF-8"/>
    <property name="_system_name" value="Ubuntu"/>
    <property name="guice.disable.misplaced.annotation.check" value="true"/>
    <property name="HUDSON_SERVER_COOKIE" value="1b67c5759829cac8"/>
    <property name="MAVEN_HOME" value="/home/shayb/software/Maven/apache-maven-3.0.5/"/>
    <property name="GVM_INIT" value="true"/>
    <property name="java.awt.printerjob" value="sun.print.PSPrinterJob"/>
    <property name="SESSION_MANAGER" value="local/shayb-N56VJ:@/tmp/.ICE-unix/1483,unix/shayb-N56VJ:/tmp/.ICE-unix/1483"/>
    <property name="DEFAULTS_PATH" value="/usr/share/gconf/ubuntu.default.path"/>
    <property name="maven3.interceptor.common" value="/home/shayb/.jenkins/plugins/maven-plugin/WEB-INF/lib/maven3-interceptor-commons-1.4.jar"/>
    <property name="CLASSPATH" value=""/>
    <property name="GNOME_DESKTOP_SESSION_ID" value="this-is-deprecated"/>
    <property name="LC_NUMERIC" value="en_US.UTF-8"/>
    <property name="XAUTHORITY" value="/home/shayb/.Xauthority"/>
    <property name="LESSCLOSE" value="/usr/bin/lesspipe %s %s"/>
    <property name="XDG_CURRENT_DESKTOP" value="Unity"/>
    <property name="os.name" value="Linux"/>
    <property name="java.specification.vendor" value="Oracle Corporation"/>
    <property name="java.vm.name" value="Java HotSpot(TM) 64-Bit Server VM"/>
    <property name="BUILD_NUMBER" value="154"/>
    <property name="archetypeCatalog" value="-DarchetypeCatalog=http://admin:{DESede}BmV30H14BCWn0D/5L4jSqQ==@localhost:8081/artifactory/repo1/archetype-catalog.xml"/>
    <property name="maven3.interceptor" value="/home/shayb/.jenkins/plugins/maven-plugin/WEB-INF/lib/maven3-interceptor-1.4.jar"/>
    <property name="java.library.path" value="/usr/java/packages/lib/amd64:/usr/lib64:/lib64:/lib:/usr/lib"/>
    <property name="LC_MEASUREMENT" value="en_US.UTF-8"/>
    <property name="LC_ADDRESS" value="en_US.UTF-8"/>
    <property name="GRADLE_HOME" value="/home/shayb/.gvm/gradle/current"/>
    <property name="java.class.version" value="51.0"/>
    <property name="DBUS_SESSION_BUS_ADDRESS" value="unix:abstract=/tmp/dbus-wj3rzrIGwO,guid=f804bf12f580bc5fc97a96ad53ce66b1"/>
    <property name="JOB_URL" value="http://localhost:9091/job/Maven-Example/"/>
    <property name="GIT_PREVIOUS_COMMIT" value="8ce24d975f82a1b1312f2b5c0a15f65780f19e81"/>
    <property name="GRAILS_HOME" value="/home/shayb/.gvm/grails/current"/>
    <property name="GIT_BRANCH" value="origin/master"/>
    <property name="buildInfoConfig.propertiesFile" value="/tmp/buildInfo6132692623484368355.properties"/>
    <property name="JENKINS_HOME" value="/home/shayb/.jenkins"/>
    <property name="COMPIZ_CONFIG_PROFILE" value="ubuntu"/>
    <property name="SPRINGBOOT_HOME" value="/home/shayb/.gvm/springboot/current"/>
    <property name="BUILD_ID" value="2014-07-25_01-03-59"/>
    <property name="sun.boot.library.path" value="/usr/lib/jvm/java-7-oracle/jre/lib/amd64"/>
    <property name="TEXTDOMAINDIR" value="/usr/share/locale/"/>
    <property name="sun.management.compiler" value="HotSpot 64-Bit Tiered Compilers"/>
    <property name="GVM_VERSION" value="1.3.13"/>
    <property name="java.awt.graphicsenv" value="sun.awt.X11GraphicsEnvironment"/>
    <property name="VERTX_HOME" value="/home/shayb/.gvm/vertx/current"/>
    <property name="HUDSON_HOME" value="/home/shayb/.jenkins"/>
    <property name="PATH+MAVEN" value="/home/shayb/software/Maven/apache-maven-3.0.5//bin"/>
    <property name="NLSPATH" value="/usr/dt/lib/nls/msg/%L/%N.cat"/>
    <property name="BUILDINFO_PROPFILE" value="/tmp/buildInfo6132692623484368355.properties"/>
    <property name="OLDPWD" value="/home/shayb/software/jenkins"/>
    <property name="GVM_DIR" value="/home/shayb/.gvm"/>
    <property name="java.vm.specification.version" value="1.7"/>
    <property name="JAVA_HOME" value="/usr/lib/jvm/java-7-oracle/"/>
    <property name="SHELL" value="/bin/bash"/>
    <property name="awt.toolkit" value="sun.awt.X11.XToolkit"/>
    <property name="NODE_LABELS" value="master"/>
    <property name="sun.cpu.isalist" value=""/>
    <property name="_system_arch" value="x86_64"/>
    <property name="securerandom.source" value="file:/dev/./urandom"/>
    <property name="java.ext.dirs" value="/usr/lib/jvm/java-7-oracle/jre/lib/ext:/usr/java/packages/lib/ext"/>
    <property name="os.version" value="3.8.0-33-generic"/>
    <property name="user.home" value="/home/shayb"/>
    <property name="_" value="/usr/bin/java"/>
    <property name="java.vm.vendor" value="Oracle Corporation"/>
    <property name="LC_MONETARY" value="en_US.UTF-8"/>
    <property name="IRBRC" value="/home/shayb/.rvm/rubies/ruby-2.1.1/.irbrc"/>
    <property name="user.dir" value="/home/shayb/.jenkins/jobs/Maven-Example/workspace/maven-example"/>
    <property name="sun.cpu.endian" value="little"/>
    <property name="GEM_HOME" value="/home/shayb/.rvm/gems/ruby-2.1.1"/>
    <property name="UBUNTU_MENUPROXY" value="libappmenu.so"/>
    <property name="MY_RUBY_HOME" value="/home/shayb/.rvm/rubies/ruby-2.1.1"/>
    <property name="CRASH_HOME" value="/home/shayb/.gvm/crash/current"/>
    <property name="java.vm.version" value="24.45-b08"/>
    <property name="PAPERSIZE" value="letter"/>
    <property name="java.class.path" value="/home/shayb/.jenkins/plugins/maven-plugin/WEB-INF/lib/maven3-agent-1.4.jar:/home/shayb/software/Maven/apache-maven-3.0.5/boot/plexus-classworlds-2.4.jar"/>
    <property name="MAVEN_OPTS" value="-DarchetypeCatalog=-DarchetypeCatalog=http://admin:{DESede}BmV30H14BCWn0D/5L4jSqQ==@localhost:8081/artifactory/repo1/archetype-catalog.xml"/>
    <property name="os.arch" value="amd64"/>
    <property name="LC_PAPER" value="en_US.UTF-8"/>
    <property name="LAZYBONES_HOME" value="/home/shayb/.gvm/lazybones/current"/>
    <property name="WORKSPACE" value="/home/shayb/.jenkins/jobs/Maven-Example/workspace"/>
    <property name="sun.java.launcher" value="SUN_STANDARD"/>
    <property name="LANG" value="en_US.UTF-8"/>
    <property name="extractor.used" value="true"/>
    <property name="java.vm.specification.vendor" value="Oracle Corporation"/>
    <property name="LESSOPEN" value="| /usr/bin/lesspipe %s"/>
    <property name="file.separator" value="/"/>
    <property name="java.runtime.version" value="1.7.0_45-b18"/>
    <property name="sun.boot.class.path" value="/usr/lib/jvm/java-7-oracle/jre/lib/resources.jar:/usr/lib/jvm/java-7-oracle/jre/lib/rt.jar:/usr/lib/jvm/java-7-oracle/jre/lib/sunrsasign.jar:/usr/lib/jvm/java-7-oracle/jre/lib/jsse.jar:/usr/lib/jvm/java-7-oracle/jre/lib/jce.jar:/usr/lib/jvm/java-7-oracle/jre/lib/charsets.jar:/usr/lib/jvm/java-7-oracle/jre/lib/jfr.jar:/usr/lib/jvm/java-7-oracle/jre/classes"/>
    <property name="NODE_PATH" value="/usr/lib/nodejs:/usr/lib/node_modules:/usr/share/javascript"/>
    <property name="user.country" value="US"/>
    <property name="maven.home" value="/home/shayb/software/Maven/apache-maven-3.0.5"/>
    <property name="GAIDEN_HOME" value="/home/shayb/.gvm/gaiden/current"/>
    <property name="LC_IDENTIFICATION" value="en_US.UTF-8"/>
    <property name="HOME" value="/home/shayb"/>
    <property name="GVM_PLATFORM" value="Linux"/>
    <property name="java.vendor" value="Oracle Corporation"/>
    <property name="SSH_AUTH_SOCK" value="/run/user/shayb/keyring-ib3VqW/ssh"/>
    <property name="LS_COLORS" value="rs=0:di=01;34:ln=01;36:mh=00:pi=40;33:so=01;35:do=01;35:bd=40;33;01:cd=40;33;01:or=40;31;01:su=37;41:sg=30;43:ca=30;41:tw=30;42:ow=34;42:st=37;44:ex=01;32:*.tar=01;31:*.tgz=01;31:*.arj=01;31:*.taz=01;31:*.lzh=01;31:*.lzma=01;31:*.tlz=01;31:*.txz=01;31:*.zip=01;31:*.z=01;31:*.Z=01;31:*.dz=01;31:*.gz=01;31:*.lz=01;31:*.xz=01;31:*.bz2=01;31:*.bz=01;31:*.tbz=01;31:*.tbz2=01;31:*.tz=01;31:*.deb=01;31:*.rpm=01;31:*.jar=01;31:*.war=01;31:*.ear=01;31:*.sar=01;31:*.rar=01;31:*.ace=01;31:*.zoo=01;31:*.cpio=01;31:*.7z=01;31:*.rz=01;31:*.jpg=01;35:*.jpeg=01;35:*.gif=01;35:*.bmp=01;35:*.pbm=01;35:*.pgm=01;35:*.ppm=01;35:*.tga=01;35:*.xbm=01;35:*.xpm=01;35:*.tif=01;35:*.tiff=01;35:*.png=01;35:*.svg=01;35:*.svgz=01;35:*.mng=01;35:*.pcx=01;35:*.mov=01;35:*.mpg=01;35:*.mpeg=01;35:*.m2v=01;35:*.mkv=01;35:*.webm=01;35:*.ogm=01;35:*.mp4=01;35:*.m4v=01;35:*.mp4v=01;35:*.vob=01;35:*.qt=01;35:*.nuv=01;35:*.wmv=01;35:*.asf=01;35:*.rm=01;35:*.rmvb=01;35:*.flc=01;35:*.avi=01;35:*.fli=01;35:*.flv=01;35:*.gl=01;35:*.dl=01;35:*.xcf=01;35:*.xwd=01;35:*.yuv=01;35:*.cgm=01;35:*.emf=01;35:*.axv=01;35:*.anx=01;35:*.ogv=01;35:*.ogx=01;35:*.aac=00;36:*.au=00;36:*.flac=00;36:*.mid=00;36:*.midi=00;36:*.mka=00;36:*.mp3=00;36:*.mpc=00;36:*.ogg=00;36:*.ra=00;36:*.wav=00;36:*.axa=00;36:*.oga=00;36:*.spx=00;36:*.xspf=00;36:"/>
    <property name="java.specification.version" value="1.7"/>
    <property name="sun.arch.data.model" value="64"/>
    <property name="GIT_URL" value="git@github.com:shaybagants/project-examples.git"/>
  </properties>
</testsuite>